

Microchip MPLAB XC8 Assembler V2.36 build 20220127204148 
                                                                                               Mon Jun 27 14:34:15 2022

Microchip MPLAB XC8 C Compiler v2.36 (Free license) build 20220127204148 Og1 
     1                           	processor	18F45K50
     2                           	fnconf	rparam,??,?,0
     3                           	pagewidth 120
     4                           	opt	flic
     5                           	psect	cinit,global,reloc=2,class=CODE,delta=1
     6                           	psect	cstackCOMRAM,global,class=COMRAM,space=1,delta=1,lowdata,noexec
     7                           	psect	text0,global,reloc=2,class=CODE,delta=1
     8                           	psect	text1,global,reloc=2,class=CODE,delta=1
     9                           	psect	text2,global,reloc=2,class=CODE,delta=1
    10                           	psect	text3,global,reloc=2,class=CODE,delta=1
    11                           	psect	intsave_regs,global,class=BIGRAM,space=1,delta=1,noexec
    12                           	psect	rparam,global,class=COMRAM,space=1,delta=1,noexec
    13                           	psect	idloc,global,abs,ovrld,class=IDLOC,space=5,delta=1,noexec
    14                           	psect	config,global,abs,ovrld,class=CONFIG,space=4,delta=1,noexec
    15  0000                     
    16                           ; Version 2.35
    17                           ; Generated 05/05/2021 GMT
    18                           ; 
    19                           ; Copyright © 2021, Microchip Technology Inc. and its subsidiaries ("Microchip")
    20                           ; All rights reserved.
    21                           ; 
    22                           ; This software is developed by Microchip Technology Inc. and its subsidiaries ("Microch
      +                          ip").
    23                           ; 
    24                           ; Redistribution and use in source and binary forms, with or without modification, are
    25                           ; permitted provided that the following conditions are met:
    26                           ; 
    27                           ;     1. Redistributions of source code must retain the above copyright notice, this lis
      +                          t of
    28                           ;        conditions and the following disclaimer.
    29                           ; 
    30                           ;     2. Redistributions in binary form must reproduce the above copyright notice, this 
      +                          list
    31                           ;        of conditions and the following disclaimer in the documentation and/or other
    32                           ;        materials provided with the distribution. Publication is not required when
    33                           ;        this file is used in an embedded application.
    34                           ; 
    35                           ;     3. Microchip's name may not be used to endorse or promote products derived from th
      +                          is
    36                           ;        software without specific prior written permission.
    37                           ; 
    38                           ; THIS SOFTWARE IS PROVIDED BY MICROCHIP "AS IS" AND ANY EXPRESS OR IMPLIED WARRANTIES,
    39                           ; INCLUDING, BUT NOT LIMITED TO, THE IMPLIED WARRANTIES OF MERCHANTABILITY AND FITNESS F
      +                          OR
    40                           ; PURPOSE ARE DISCLAIMED.  IN NO EVENT SHALL MICROCHIP BE LIABLE FOR ANY DIRECT, INDIREC
      +                          T,
    41                           ; INCIDENTAL, SPECIAL, EXEMPLARY, OR CONSEQUENTIAL DAMAGES (INCLUDING BUT NOT LIMITED TO
    42                           ; PROCUREMENT OF SUBSTITUTE GOODS OR SERVICES; LOSS OF USE, DATA OR PROFITS; OR BUSINESS
    43                           ; INTERRUPTION) HOWSOEVER CAUSED AND ON ANY THEORY OF LIABILITY, WHETHER IN CONTRACT, ST
      +                          RICT
    44                           ; LIABILITY, OR TORT (INCLUDING NEGLIGENCE OR OTHERWISE) ARISING IN ANY WAY OUT OF THE U
      +                          SE OF
    45                           ; THIS SOFTWARE, EVEN IF ADVISED OF THE POSSIBILITY OF SUCH DAMAGE.
    46                           ; 
    47                           ; 
    48                           ; Code-generator required, PIC18F45K50 Definitions
    49                           ; 
    50                           ; SFR Addresses
    51  0000                     _TRISD	set	3989
    52  0000                     _TRISC	set	3988
    53  0000                     _TRISB	set	3987
    54  0000                     _LATC	set	3979
    55  0000                     _LATB	set	3978
    56  0000                     _ANSELA	set	3931
    57  0000                     _ANSELB	set	3932
    58  0000                     _ANSELC	set	3933
    59  0000                     _ANSELD	set	3934
    60  0000                     _LATA	set	3977
    61  0000                     _LATD	set	3980
    62  0000                     _LATE	set	3981
    63  0000                     _TRISA	set	3986
    64  0000                     _TRISE	set	3990
    65  0000                     _OSCTUNE	set	3995
    66  0000                     _OSCCON2	set	4050
    67  0000                     _OSCCON	set	4051
    68  0000                     _INTCON2bits	set	4081
    69  0000                     _WPUB	set	3973
    70  0000                     _ANSELE	set	3935
    71  0000                     _INTCONbits	set	4082
    72  0000                     _ACTCON	set	4021
    73                           
    74                           ; #config settings
    75                           
    76                           	psect	cinit
    77  007F4E                     __pcinit:
    78                           	callstack 0
    79  007F4E                     start_initialization:
    80                           	callstack 0
    81  007F4E                     __initialization:
    82                           	callstack 0
    83  007F4E                     end_of_initialization:
    84                           	callstack 0
    85  007F4E                     __end_of__initialization:
    86                           	callstack 0
    87  007F4E  0100               	movlb	0
    88  007F50  EFD8  F03F         	goto	_main	;jump to C main() function
    89                           
    90                           	psect	cstackCOMRAM
    91  000000                     __pcstackCOMRAM:
    92                           	callstack 0
    93  000000                     
    94                           ; 1 bytes @ 0x0
    95 ;;
    96 ;;Main: autosize = 0, tempsize = 0, incstack = 0, save=0
    97 ;;
    98 ;; *************** function _main *****************
    99 ;; Defined at:
   100 ;;		line 50 in file "main.c"
   101 ;; Parameters:    Size  Location     Type
   102 ;;		None
   103 ;; Auto vars:     Size  Location     Type
   104 ;;		None
   105 ;; Return value:  Size  Location     Type
   106 ;;                  1    wreg      void 
   107 ;; Registers used:
   108 ;;		wreg, status,2, cstack
   109 ;; Tracked objects:
   110 ;;		On entry : 0/0
   111 ;;		On exit  : 0/0
   112 ;;		Unchanged: 0/0
   113 ;; Data sizes:     COMRAM   BANK0   BANK1   BANK2   BANK3   BANK4   BANK5   BANK6   BANK7
   114 ;;      Params:         0       0       0       0       0       0       0       0       0
   115 ;;      Locals:         0       0       0       0       0       0       0       0       0
   116 ;;      Temps:          0       0       0       0       0       0       0       0       0
   117 ;;      Totals:         0       0       0       0       0       0       0       0       0
   118 ;;Total ram usage:        0 bytes
   119 ;; Hardware stack levels required when called: 2
   120 ;; This function calls:
   121 ;;		_SYSTEM_Initialize
   122 ;; This function is called by:
   123 ;;		Startup code after reset
   124 ;; This function uses a non-reentrant model
   125 ;;
   126                           
   127                           	psect	text0
   128  007FB0                     __ptext0:
   129                           	callstack 0
   130  007FB0                     _main:
   131                           	callstack 29
   132  007FB0                     
   133                           ;main.c: 53:     SYSTEM_Initialize();
   134  007FB0  ECAA  F03F         	call	_SYSTEM_Initialize	;wreg free
   135  007FB4                     l768:
   136                           
   137                           ;main.c: 72:     {;main.c: 74:         LATB = 0x00;
   138  007FB4  0E00               	movlw	0
   139  007FB6  6E8A               	movwf	138,c	;volatile
   140  007FB8                     
   141                           ;main.c: 75:         _delay((unsigned long)((150)*(31500/4000.0)));
   142  007FB8  0EEC               	movlw	236
   143  007FBA                     u17:
   144  007FBA  D000               	nop2	
   145  007FBC  2EE8               	decfsz	wreg,f,c
   146  007FBE  D7FD               	bra	u17
   147  007FC0  F000               	nop	
   148  007FC2                     
   149                           ;main.c: 76:         LATB = 0x18;
   150  007FC2  0E18               	movlw	24
   151  007FC4  6E8A               	movwf	138,c	;volatile
   152  007FC6                     
   153                           ;main.c: 77:         _delay((unsigned long)((150)*(31500/4000.0)));
   154  007FC6  0EEC               	movlw	236
   155  007FC8                     u27:
   156  007FC8  D000               	nop2	
   157  007FCA  2EE8               	decfsz	wreg,f,c
   158  007FCC  D7FD               	bra	u27
   159  007FCE  F000               	nop	
   160  007FD0                     
   161                           ;main.c: 78:         LATB = 0x3C;
   162  007FD0  0E3C               	movlw	60
   163  007FD2  6E8A               	movwf	138,c	;volatile
   164  007FD4                     
   165                           ;main.c: 79:         _delay((unsigned long)((150)*(31500/4000.0)));
   166  007FD4  0EEC               	movlw	236
   167  007FD6                     u37:
   168  007FD6  D000               	nop2	
   169  007FD8  2EE8               	decfsz	wreg,f,c
   170  007FDA  D7FD               	bra	u37
   171  007FDC  F000               	nop	
   172  007FDE                     
   173                           ;main.c: 80:         LATB = 0x7E;
   174  007FDE  0E7E               	movlw	126
   175  007FE0  6E8A               	movwf	138,c	;volatile
   176  007FE2                     
   177                           ;main.c: 81:         _delay((unsigned long)((150)*(31500/4000.0)));
   178  007FE2  0EEC               	movlw	236
   179  007FE4                     u47:
   180  007FE4  D000               	nop2	
   181  007FE6  2EE8               	decfsz	wreg,f,c
   182  007FE8  D7FD               	bra	u47
   183  007FEA  F000               	nop	
   184  007FEC                     
   185                           ;main.c: 82:         LATB = 0xFF;
   186  007FEC  688A               	setf	138,c	;volatile
   187  007FEE                     
   188                           ;main.c: 83:         _delay((unsigned long)((150)*(31500/4000.0)));
   189  007FEE  0EEC               	movlw	236
   190  007FF0                     u57:
   191  007FF0  D000               	nop2	
   192  007FF2  2EE8               	decfsz	wreg,f,c
   193  007FF4  D7FD               	bra	u57
   194  007FF6  F000               	nop	
   195  007FF8  EFDA  F03F         	goto	l768
   196  007FFC  EF00  F000         	goto	start
   197  008000                     __end_of_main:
   198                           	callstack 0
   199                           
   200 ;; *************** function _SYSTEM_Initialize *****************
   201 ;; Defined at:
   202 ;;		line 50 in file "mcc_generated_files/mcc.c"
   203 ;; Parameters:    Size  Location     Type
   204 ;;		None
   205 ;; Auto vars:     Size  Location     Type
   206 ;;		None
   207 ;; Return value:  Size  Location     Type
   208 ;;                  1    wreg      void 
   209 ;; Registers used:
   210 ;;		wreg, status,2, cstack
   211 ;; Tracked objects:
   212 ;;		On entry : 0/0
   213 ;;		On exit  : 0/0
   214 ;;		Unchanged: 0/0
   215 ;; Data sizes:     COMRAM   BANK0   BANK1   BANK2   BANK3   BANK4   BANK5   BANK6   BANK7
   216 ;;      Params:         0       0       0       0       0       0       0       0       0
   217 ;;      Locals:         0       0       0       0       0       0       0       0       0
   218 ;;      Temps:          0       0       0       0       0       0       0       0       0
   219 ;;      Totals:         0       0       0       0       0       0       0       0       0
   220 ;;Total ram usage:        0 bytes
   221 ;; Hardware stack levels used: 1
   222 ;; Hardware stack levels required when called: 1
   223 ;; This function calls:
   224 ;;		_OSCILLATOR_Initialize
   225 ;;		_PIN_MANAGER_Initialize
   226 ;; This function is called by:
   227 ;;		_main
   228 ;; This function uses a non-reentrant model
   229 ;;
   230                           
   231                           	psect	text1
   232  007F54                     __ptext1:
   233                           	callstack 0
   234  007F54                     _SYSTEM_Initialize:
   235                           	callstack 29
   236  007F54                     
   237                           ;mcc_generated_files/mcc.c: 53:     PIN_MANAGER_Initialize();
   238  007F54  ECB8  F03F         	call	_PIN_MANAGER_Initialize	;wreg free
   239                           
   240                           ;mcc_generated_files/mcc.c: 54:     OSCILLATOR_Initialize();
   241  007F58  ECAF  F03F         	call	_OSCILLATOR_Initialize	;wreg free
   242  007F5C  0012               	return		;funcret
   243  007F5E                     __end_of_SYSTEM_Initialize:
   244                           	callstack 0
   245                           
   246 ;; *************** function _PIN_MANAGER_Initialize *****************
   247 ;; Defined at:
   248 ;;		line 55 in file "mcc_generated_files/pin_manager.c"
   249 ;; Parameters:    Size  Location     Type
   250 ;;		None
   251 ;; Auto vars:     Size  Location     Type
   252 ;;		None
   253 ;; Return value:  Size  Location     Type
   254 ;;                  1    wreg      void 
   255 ;; Registers used:
   256 ;;		wreg, status,2
   257 ;; Tracked objects:
   258 ;;		On entry : 0/0
   259 ;;		On exit  : 0/0
   260 ;;		Unchanged: 0/0
   261 ;; Data sizes:     COMRAM   BANK0   BANK1   BANK2   BANK3   BANK4   BANK5   BANK6   BANK7
   262 ;;      Params:         0       0       0       0       0       0       0       0       0
   263 ;;      Locals:         0       0       0       0       0       0       0       0       0
   264 ;;      Temps:          0       0       0       0       0       0       0       0       0
   265 ;;      Totals:         0       0       0       0       0       0       0       0       0
   266 ;;Total ram usage:        0 bytes
   267 ;; Hardware stack levels used: 1
   268 ;; This function calls:
   269 ;;		Nothing
   270 ;; This function is called by:
   271 ;;		_SYSTEM_Initialize
   272 ;; This function uses a non-reentrant model
   273 ;;
   274                           
   275                           	psect	text2
   276  007F70                     __ptext2:
   277                           	callstack 0
   278  007F70                     _PIN_MANAGER_Initialize:
   279                           	callstack 29
   280  007F70                     
   281                           ;mcc_generated_files/pin_manager.c: 60:     LATE = 0x00;
   282  007F70  0E00               	movlw	0
   283  007F72  6E8D               	movwf	141,c	;volatile
   284                           
   285                           ;mcc_generated_files/pin_manager.c: 61:     LATD = 0x00;
   286  007F74  0E00               	movlw	0
   287  007F76  6E8C               	movwf	140,c	;volatile
   288                           
   289                           ;mcc_generated_files/pin_manager.c: 62:     LATA = 0x00;
   290  007F78  0E00               	movlw	0
   291  007F7A  6E89               	movwf	137,c	;volatile
   292                           
   293                           ;mcc_generated_files/pin_manager.c: 63:     LATB = 0x00;
   294  007F7C  0E00               	movlw	0
   295  007F7E  6E8A               	movwf	138,c	;volatile
   296                           
   297                           ;mcc_generated_files/pin_manager.c: 64:     LATC = 0x00;
   298  007F80  0E00               	movlw	0
   299  007F82  6E8B               	movwf	139,c	;volatile
   300                           
   301                           ;mcc_generated_files/pin_manager.c: 69:     TRISE = 0x07;
   302  007F84  0E07               	movlw	7
   303  007F86  6E96               	movwf	150,c	;volatile
   304  007F88                     
   305                           ;mcc_generated_files/pin_manager.c: 70:     TRISA = 0xFF;
   306  007F88  6892               	setf	146,c	;volatile
   307                           
   308                           ;mcc_generated_files/pin_manager.c: 71:     TRISB = 0x00;
   309  007F8A  0E00               	movlw	0
   310  007F8C  6E93               	movwf	147,c	;volatile
   311                           
   312                           ;mcc_generated_files/pin_manager.c: 72:     TRISC = 0xC7;
   313  007F8E  0EC7               	movlw	199
   314  007F90  6E94               	movwf	148,c	;volatile
   315  007F92                     
   316                           ;mcc_generated_files/pin_manager.c: 73:     TRISD = 0xFF;
   317  007F92  6895               	setf	149,c	;volatile
   318  007F94                     
   319                           ;mcc_generated_files/pin_manager.c: 78:     ANSELD = 0xFF;
   320  007F94  010F               	movlb	15	; () banked
   321  007F96  695E               	setf	94,b	;volatile
   322                           
   323                           ;mcc_generated_files/pin_manager.c: 79:     ANSELC = 0xC4;
   324  007F98  0EC4               	movlw	196
   325  007F9A  6F5D               	movwf	93,b	;volatile
   326                           
   327                           ;mcc_generated_files/pin_manager.c: 80:     ANSELB = 0x00;
   328  007F9C  0E00               	movlw	0
   329  007F9E  6F5C               	movwf	92,b	;volatile
   330                           
   331                           ;mcc_generated_files/pin_manager.c: 81:     ANSELE = 0x07;
   332  007FA0  0E07               	movlw	7
   333  007FA2  6F5F               	movwf	95,b	;volatile
   334                           
   335                           ;mcc_generated_files/pin_manager.c: 82:     ANSELA = 0x2F;
   336  007FA4  0E2F               	movlw	47
   337  007FA6  6F5B               	movwf	91,b	;volatile
   338                           
   339                           ;mcc_generated_files/pin_manager.c: 87:     WPUB = 0x00;
   340  007FA8  0E00               	movlw	0
   341  007FAA  6E85               	movwf	133,c	;volatile
   342  007FAC                     
   343                           ; BSR set to: 15
   344                           ;mcc_generated_files/pin_manager.c: 88:     INTCON2bits.nRBPU = 1;
   345  007FAC  8EF1               	bsf	241,7,c	;volatile
   346  007FAE                     
   347                           ; BSR set to: 15
   348  007FAE  0012               	return		;funcret
   349  007FB0                     __end_of_PIN_MANAGER_Initialize:
   350                           	callstack 0
   351                           
   352 ;; *************** function _OSCILLATOR_Initialize *****************
   353 ;; Defined at:
   354 ;;		line 57 in file "mcc_generated_files/mcc.c"
   355 ;; Parameters:    Size  Location     Type
   356 ;;		None
   357 ;; Auto vars:     Size  Location     Type
   358 ;;		None
   359 ;; Return value:  Size  Location     Type
   360 ;;                  1    wreg      void 
   361 ;; Registers used:
   362 ;;		wreg, status,2
   363 ;; Tracked objects:
   364 ;;		On entry : 0/0
   365 ;;		On exit  : 0/0
   366 ;;		Unchanged: 0/0
   367 ;; Data sizes:     COMRAM   BANK0   BANK1   BANK2   BANK3   BANK4   BANK5   BANK6   BANK7
   368 ;;      Params:         0       0       0       0       0       0       0       0       0
   369 ;;      Locals:         0       0       0       0       0       0       0       0       0
   370 ;;      Temps:          0       0       0       0       0       0       0       0       0
   371 ;;      Totals:         0       0       0       0       0       0       0       0       0
   372 ;;Total ram usage:        0 bytes
   373 ;; Hardware stack levels used: 1
   374 ;; This function calls:
   375 ;;		Nothing
   376 ;; This function is called by:
   377 ;;		_SYSTEM_Initialize
   378 ;; This function uses a non-reentrant model
   379 ;;
   380                           
   381                           	psect	text3
   382  007F5E                     __ptext3:
   383                           	callstack 0
   384  007F5E                     _OSCILLATOR_Initialize:
   385                           	callstack 29
   386  007F5E                     
   387                           ;mcc_generated_files/mcc.c: 60:     OSCCON = 0x00;
   388  007F5E  0E00               	movlw	0
   389  007F60  6ED3               	movwf	211,c	;volatile
   390                           
   391                           ;mcc_generated_files/mcc.c: 62:     OSCCON2 = 0x00;
   392  007F62  0E00               	movlw	0
   393  007F64  6ED2               	movwf	210,c	;volatile
   394                           
   395                           ;mcc_generated_files/mcc.c: 64:     OSCTUNE = 0x00;
   396  007F66  0E00               	movlw	0
   397  007F68  6E9B               	movwf	155,c	;volatile
   398                           
   399                           ;mcc_generated_files/mcc.c: 66:     ACTCON = 0x00;
   400  007F6A  0E00               	movlw	0
   401  007F6C  6EB5               	movwf	181,c	;volatile
   402  007F6E  0012               	return		;funcret
   403  007F70                     __end_of_OSCILLATOR_Initialize:
   404                           	callstack 0
   405  0000                     
   406                           	psect	rparam
   407  0000                     
   408                           	psect	idloc
   409                           
   410                           ;Config register IDLOC0 @ 0x200000
   411                           ;	unspecified, using default values
   412  200000                     	org	2097152
   413  200000  FF                 	db	255
   414                           
   415                           ;Config register IDLOC1 @ 0x200001
   416                           ;	unspecified, using default values
   417  200001                     	org	2097153
   418  200001  FF                 	db	255
   419                           
   420                           ;Config register IDLOC2 @ 0x200002
   421                           ;	unspecified, using default values
   422  200002                     	org	2097154
   423  200002  FF                 	db	255
   424                           
   425                           ;Config register IDLOC3 @ 0x200003
   426                           ;	unspecified, using default values
   427  200003                     	org	2097155
   428  200003  FF                 	db	255
   429                           
   430                           ;Config register IDLOC4 @ 0x200004
   431                           ;	unspecified, using default values
   432  200004                     	org	2097156
   433  200004  FF                 	db	255
   434                           
   435                           ;Config register IDLOC5 @ 0x200005
   436                           ;	unspecified, using default values
   437  200005                     	org	2097157
   438  200005  FF                 	db	255
   439                           
   440                           ;Config register IDLOC6 @ 0x200006
   441                           ;	unspecified, using default values
   442  200006                     	org	2097158
   443  200006  FF                 	db	255
   444                           
   445                           ;Config register IDLOC7 @ 0x200007
   446                           ;	unspecified, using default values
   447  200007                     	org	2097159
   448  200007  FF                 	db	255
   449                           
   450                           	psect	config
   451                           
   452                           ;Config register CONFIG1L @ 0x300000
   453                           ;	PLL Selection
   454                           ;	PLLSEL = PLL4X, 4x clock multiplier
   455                           ;	PLL Enable Configuration bit
   456                           ;	CFGPLLEN = OFF, PLL Disabled (firmware controlled)
   457                           ;	CPU System Clock Postscaler
   458                           ;	CPUDIV = NOCLKDIV, CPU uses system clock (no divide)
   459                           ;	Low Speed USB mode with 48 MHz system clock
   460                           ;	LS48MHZ = SYS24X4, System clock at 24 MHz, USB clock divider is set to 4
   461  300000                     	org	3145728
   462  300000  00                 	db	0
   463                           
   464                           ;Config register CONFIG1H @ 0x300001
   465                           ;	Oscillator Selection
   466                           ;	FOSC = INTOSCIO, Internal oscillator
   467                           ;	Primary Oscillator Shutdown
   468                           ;	PCLKEN = ON, Primary oscillator enabled
   469                           ;	Fail-Safe Clock Monitor
   470                           ;	FCMEN = OFF, Fail-Safe Clock Monitor disabled
   471                           ;	Internal/External Oscillator Switchover
   472                           ;	IESO = OFF, Oscillator Switchover mode disabled
   473  300001                     	org	3145729
   474  300001  28                 	db	40
   475                           
   476                           ;Config register CONFIG2L @ 0x300002
   477                           ;	Power-up Timer Enable
   478                           ;	nPWRTEN = OFF, Power up timer disabled
   479                           ;	Brown-out Reset Enable
   480                           ;	BOREN = SBORDIS, BOR enabled in hardware (SBOREN is ignored)
   481                           ;	Brown-out Reset Voltage
   482                           ;	BORV = 190, BOR set to 1.9V nominal
   483                           ;	Low-Power Brown-out Reset
   484                           ;	nLPBOR = OFF, Low-Power Brown-out Reset disabled
   485  300002                     	org	3145730
   486  300002  5F                 	db	95
   487                           
   488                           ;Config register CONFIG2H @ 0x300003
   489                           ;	Watchdog Timer Enable bits
   490                           ;	WDTEN = OFF, WDT disabled in hardware (SWDTEN ignored)
   491                           ;	Watchdog Timer Postscaler
   492                           ;	WDTPS = 32768, 1:32768
   493  300003                     	org	3145731
   494  300003  3C                 	db	60
   495                           
   496                           ; Padding undefined space
   497  300004                     	org	3145732
   498  300004  FF                 	db	255
   499                           
   500                           ;Config register CONFIG3H @ 0x300005
   501                           ;	CCP2 MUX bit
   502                           ;	CCP2MX = RC1, CCP2 input/output is multiplexed with RC1
   503                           ;	PORTB A/D Enable bit
   504                           ;	PBADEN = ON, PORTB<5:0> pins are configured as analog input channels on Reset
   505                           ;	Timer3 Clock Input MUX bit
   506                           ;	T3CMX = RC0, T3CKI function is on RC0
   507                           ;	SDO Output MUX bit
   508                           ;	SDOMX = RB3, SDO function is on RB3
   509                           ;	Master Clear Reset Pin Enable
   510                           ;	MCLRE = ON, MCLR pin enabled; RE3 input disabled
   511  300005                     	org	3145733
   512  300005  D3                 	db	211
   513                           
   514                           ;Config register CONFIG4L @ 0x300006
   515                           ;	Stack Full/Underflow Reset
   516                           ;	STVREN = ON, Stack full/underflow will cause Reset
   517                           ;	Single-Supply ICSP Enable bit
   518                           ;	LVP = ON, Single-Supply ICSP enabled if MCLRE is also 1
   519                           ;	Dedicated In-Circuit Debug/Programming Port Enable
   520                           ;	ICPRT = OFF, ICPORT disabled
   521                           ;	Extended Instruction Set Enable bit
   522                           ;	XINST = OFF, Instruction set extension and Indexed Addressing mode disabled
   523                           ;	Background Debugger Enable bit
   524                           ;	DEBUG = OFF, Background debugger disabled, RB6 and RB7 configured as general purpose I
      +                          /O pins
   525  300006                     	org	3145734
   526  300006  85                 	db	133
   527                           
   528                           ; Padding undefined space
   529  300007                     	org	3145735
   530  300007  FF                 	db	255
   531                           
   532                           ;Config register CONFIG5L @ 0x300008
   533                           ;	Block 0 Code Protect
   534                           ;	CP0 = OFF, Block 0 is not code-protected
   535                           ;	Block 1 Code Protect
   536                           ;	CP1 = OFF, Block 1 is not code-protected
   537                           ;	Block 2 Code Protect
   538                           ;	CP2 = OFF, Block 2 is not code-protected
   539                           ;	Block 3 Code Protect
   540                           ;	CP3 = OFF, Block 3 is not code-protected
   541  300008                     	org	3145736
   542  300008  0F                 	db	15
   543                           
   544                           ;Config register CONFIG5H @ 0x300009
   545                           ;	Boot Block Code Protect
   546                           ;	CPB = OFF, Boot block is not code-protected
   547                           ;	Data EEPROM Code Protect
   548                           ;	CPD = OFF, Data EEPROM is not code-protected
   549  300009                     	org	3145737
   550  300009  C0                 	db	192
   551                           
   552                           ;Config register CONFIG6L @ 0x30000A
   553                           ;	Block 0 Write Protect
   554                           ;	WRT0 = OFF, Block 0 (0800-1FFFh) is not write-protected
   555                           ;	Block 1 Write Protect
   556                           ;	WRT1 = OFF, Block 1 (2000-3FFFh) is not write-protected
   557                           ;	Block 2 Write Protect
   558                           ;	WRT2 = OFF, Block 2 (04000-5FFFh) is not write-protected
   559                           ;	Block 3 Write Protect
   560                           ;	WRT3 = OFF, Block 3 (06000-7FFFh) is not write-protected
   561  30000A                     	org	3145738
   562  30000A  0F                 	db	15
   563                           
   564                           ;Config register CONFIG6H @ 0x30000B
   565                           ;	Configuration Registers Write Protect
   566                           ;	WRTC = OFF, Configuration registers (300000-3000FFh) are not write-protected
   567                           ;	Boot Block Write Protect
   568                           ;	WRTB = OFF, Boot block (0000-7FFh) is not write-protected
   569                           ;	Data EEPROM Write Protect
   570                           ;	WRTD = OFF, Data EEPROM is not write-protected
   571  30000B                     	org	3145739
   572  30000B  E0                 	db	224
   573                           
   574                           ;Config register CONFIG7L @ 0x30000C
   575                           ;	Block 0 Table Read Protect
   576                           ;	EBTR0 = OFF, Block 0 is not protected from table reads executed in other blocks
   577                           ;	Block 1 Table Read Protect
   578                           ;	EBTR1 = OFF, Block 1 is not protected from table reads executed in other blocks
   579                           ;	Block 2 Table Read Protect
   580                           ;	EBTR2 = OFF, Block 2 is not protected from table reads executed in other blocks
   581                           ;	Block 3 Table Read Protect
   582                           ;	EBTR3 = OFF, Block 3 is not protected from table reads executed in other blocks
   583  30000C                     	org	3145740
   584  30000C  0F                 	db	15
   585                           
   586                           ;Config register CONFIG7H @ 0x30000D
   587                           ;	Boot Block Table Read Protect
   588                           ;	EBTRB = OFF, Boot block is not protected from table reads executed in other blocks
   589  30000D                     	org	3145741
   590  30000D  40                 	db	64
   591                           tosu	equ	0xFFF
   592                           tosh	equ	0xFFE
   593                           tosl	equ	0xFFD
   594                           stkptr	equ	0xFFC
   595                           pclatu	equ	0xFFB
   596                           pclath	equ	0xFFA
   597                           pcl	equ	0xFF9
   598                           tblptru	equ	0xFF8
   599                           tblptrh	equ	0xFF7
   600                           tblptrl	equ	0xFF6
   601                           tablat	equ	0xFF5
   602                           prodh	equ	0xFF4
   603                           prodl	equ	0xFF3
   604                           indf0	equ	0xFEF
   605                           postinc0	equ	0xFEE
   606                           postdec0	equ	0xFED
   607                           preinc0	equ	0xFEC
   608                           plusw0	equ	0xFEB
   609                           fsr0h	equ	0xFEA
   610                           fsr0l	equ	0xFE9
   611                           wreg	equ	0xFE8
   612                           indf1	equ	0xFE7
   613                           postinc1	equ	0xFE6
   614                           postdec1	equ	0xFE5
   615                           preinc1	equ	0xFE4
   616                           plusw1	equ	0xFE3
   617                           fsr1h	equ	0xFE2
   618                           fsr1l	equ	0xFE1
   619                           bsr	equ	0xFE0
   620                           indf2	equ	0xFDF
   621                           postinc2	equ	0xFDE
   622                           postdec2	equ	0xFDD
   623                           preinc2	equ	0xFDC
   624                           plusw2	equ	0xFDB
   625                           fsr2h	equ	0xFDA
   626                           fsr2l	equ	0xFD9
   627                           status	equ	0xFD8

Data Sizes:
    Strings     0
    Constant    0
    Data        0
    BSS         0
    Persistent  0
    Stack       0

Auto Spaces:
    Space          Size  Autos    Used
    COMRAM           95      0       0
    BANK0           160      0       0
    BANK1           256      0       0
    BANK2           256      0       0
    BANK3           256      0       0
    BANK4           256      0       0
    BANK5           256      0       0
    BANK6           256      0       0
    BANK7           256      0       0

Pointer List with Targets:

    None.

Critical Paths under _main in COMRAM

    None.

Critical Paths under _main in BANK0

    None.

Critical Paths under _main in BANK1

    None.

Critical Paths under _main in BANK2

    None.

Critical Paths under _main in BANK3

    None.

Critical Paths under _main in BANK4

    None.

Critical Paths under _main in BANK5

    None.

Critical Paths under _main in BANK6

    None.

Critical Paths under _main in BANK7

    None.

Call Graph Tables:

 ---------------------------------------------------------------------------------
 (Depth) Function   	        Calls       Base Space   Used Autos Params    Refs
 ---------------------------------------------------------------------------------
 (0) _main                                                 0     0      0       0
                  _SYSTEM_Initialize
 ---------------------------------------------------------------------------------
 (1) _SYSTEM_Initialize                                    0     0      0       0
              _OSCILLATOR_Initialize
             _PIN_MANAGER_Initialize
 ---------------------------------------------------------------------------------
 (2) _PIN_MANAGER_Initialize                               0     0      0       0
 ---------------------------------------------------------------------------------
 (2) _OSCILLATOR_Initialize                                0     0      0       0
 ---------------------------------------------------------------------------------
 Estimated maximum stack depth 2
 ---------------------------------------------------------------------------------

 Call Graph Graphs:

 _main (ROOT)
   _SYSTEM_Initialize
     _OSCILLATOR_Initialize
     _PIN_MANAGER_Initialize

 Address spaces:
Name               Size   Autos  Total    Cost      Usage
BITCOMRAM           5F      0       0       0        0.0%
EEDATA             100      0       0       0        0.0%
NULL                 0      0       0       0        0.0%
CODE                 0      0       0       0        0.0%
COMRAM              5F      0       0       1        0.0%
STACK                0      0       0       2        0.0%
DATA                 0      0       0       3        0.0%
BITBANK0            A0      0       0       4        0.0%
BANK0               A0      0       0       5        0.0%
BITBANK1           100      0       0       6        0.0%
BANK1              100      0       0       7        0.0%
BITBANK2           100      0       0       8        0.0%
BANK2              100      0       0       9        0.0%
BITBANK3           100      0       0      10        0.0%
BANK3              100      0       0      11        0.0%
BITBANK4           100      0       0      12        0.0%
BANK4              100      0       0      13        0.0%
BITBANK5           100      0       0      14        0.0%
BANK5              100      0       0      15        0.0%
BITBANK6           100      0       0      16        0.0%
BANK6              100      0       0      17        0.0%
BITBANK7           100      0       0      18        0.0%
BANK7              100      0       0      19        0.0%
BITBIGSFRhhh         D      0       0      20        0.0%
BITBIGSFRhhlh       1D      0       0      21        0.0%
BITBIGSFRhhllhh     1C      0       0      22        0.0%
BITBIGSFRhhllhl     19      0       0      23        0.0%
BITBIGSFRhhlll       4      0       0      24        0.0%
BITBIGSFRhll         4      0       0      25        0.0%
BITBIGSFRllhh        3      0       0      26        0.0%
BITBIGSFRllhl       25      0       0      27        0.0%
BITBIGSFRlll         8      0       0      28        0.0%
ABS                  0      0       0      29        0.0%
BIGRAM             7FF      0       0      30        0.0%
BIGSFR               0      0       0     200        0.0%
BITSFR_1             0      0       0     200        0.0%
SFR_1                0      0       0     200        0.0%
BITSFR               0      0       0     200        0.0%
SFR                  0      0       0     200        0.0%


Microchip Technology PIC18 Macro Assembler V2.36 build 20220127204148 
Symbol Table                                                                                   Mon Jun 27 14:34:15 2022

                            l39 7FAE                              l71 7F5C                              l74 7F6E  
                            u17 7FBA                              u27 7FC8                              u37 7FD6  
                            u47 7FE4                              u57 7FF0                             l750 7F70  
                           l760 7F5E                             l752 7F88                             l754 7F92  
                           l762 7F54                             l770 7FB8                             l756 7F94  
                           l780 7FDE                             l772 7FC2                             l758 7FAC  
                           l782 7FE2                             l774 7FC6                             l766 7FB0  
                           l784 7FEC                             l776 7FD0                             l768 7FB4  
                           l786 7FEE                             l778 7FD4                             wreg 000FE8  
                          _LATA 000F89                            _LATB 000F8A                            _LATC 000F8B  
                          _LATD 000F8C                            _LATE 000F8D                            _WPUB 000F85  
                          _main 7FB0                            start 0000                    ___param_bank 000000  
 __end_of_OSCILLATOR_Initialize 7F70                           ?_main 0000                           _TRISA 000F92  
                         _TRISB 000F93                           _TRISC 000F94                           _TRISD 000F95  
                         _TRISE 000F96                 __initialization 7F4E                    __end_of_main 8000  
                        ??_main 0000                   __activetblptr 000000                          _ACTCON 000FB5  
                        _ANSELA 000F5B                          _ANSELB 000F5C                          _ANSELC 000F5D  
                        _ANSELD 000F5E                          _ANSELE 000F5F                          _OSCCON 000FD3  
                        isa$std 000001               _SYSTEM_Initialize 7F54                      __accesstop 0060  
       __end_of__initialization 7F4E              ?_SYSTEM_Initialize 0000                   ___rparam_used 000001  
                __pcstackCOMRAM 0000             ??_SYSTEM_Initialize 0000       __end_of_SYSTEM_Initialize 7F5E  
                       _OSCCON2 000FD2                         _OSCTUNE 000F9B                         __Hparam 0000  
                       __Lparam 0000                         __pcinit 7F4E                         __ramtop 0800  
                       __ptext0 7FB0                         __ptext1 7F54                         __ptext2 7F70  
                       __ptext3 7F5E           _OSCILLATOR_Initialize 7F5E        ??_PIN_MANAGER_Initialize 0000  
          end_of_initialization 7F4E          ?_OSCILLATOR_Initialize 0000             start_initialization 7F4E  
        _PIN_MANAGER_Initialize 7F70                     _INTCON2bits 000FF1                        __Hrparam 0000  
                      __Lrparam 0000         ??_OSCILLATOR_Initialize 0000                        isa$xinst 000000  
                    _INTCONbits 000FF2         ?_PIN_MANAGER_Initialize 0000  __end_of_PIN_MANAGER_Initialize 7FB0  
